07.08.18 21:02:35 - 2002: Connection refused

SQL: connect

07.08.18 21:02:37 - 2002: Connection refused

SQL: connect

07.08.18 21:03:06 - 2002: Connection refused

SQL: connect

07.08.18 21:03:08 - 2002: Connection refused

SQL: connect

15.08.18 13:39:06 - 2002: php_network_getaddresses: getaddrinfo failed: Name or service not known

SQL: connect

15.08.18 13:39:09 - 2002: php_network_getaddresses: getaddrinfo failed: Name or service not known

SQL: connect

15.08.18 13:39:10 - 2002: php_network_getaddresses: getaddrinfo failed: Name or service not known

SQL: connect

15.08.18 13:39:12 - 2002: php_network_getaddresses: getaddrinfo failed: Name or service not known

SQL: connect

15.08.18 13:39:14 - 2002: php_network_getaddresses: getaddrinfo failed: Name or service not known

SQL: connect

23.10.18 17:19:29 - 2002: php_network_getaddresses: getaddrinfo failed: No address associated with hostname

SQL: connect

23.10.18 17:19:46 - 2002: php_network_getaddresses: getaddrinfo failed: No address associated with hostname

SQL: connect

23.10.18 17:19:49 - 2002: php_network_getaddresses: getaddrinfo failed: No address associated with hostname

SQL: connect

23.10.18 17:20:00 - 2002: php_network_getaddresses: getaddrinfo failed: No address associated with hostname

SQL: connect

23.10.18 17:20:11 - 2002: php_network_getaddresses: getaddrinfo failed: No address associated with hostname

SQL: connect

23.10.18 17:20:20 - 2002: php_network_getaddresses: getaddrinfo failed: Name or service not known

SQL: connect

23.10.18 17:20:31 - 2002: php_network_getaddresses: getaddrinfo failed: Name or service not known

SQL: connect

23.10.18 17:20:42 - 2002: php_network_getaddresses: getaddrinfo failed: Name or service not known

SQL: connect

23.10.18 17:20:48 - 2002: php_network_getaddresses: getaddrinfo failed: Name or service not known

SQL: connect

23.10.18 17:20:51 - 2002: php_network_getaddresses: getaddrinfo failed: Name or service not known

SQL: connect

23.10.18 17:20:56 - 2002: php_network_getaddresses: getaddrinfo failed: Name or service not known

SQL: connect

23.10.18 17:21:02 - 2002: php_network_getaddresses: getaddrinfo failed: Name or service not known

SQL: connect

23.10.18 17:21:13 - 2002: php_network_getaddresses: getaddrinfo failed: Name or service not known

SQL: connect

23.10.18 17:21:14 - 2002: php_network_getaddresses: getaddrinfo failed: Name or service not known

SQL: connect

23.10.18 17:21:15 - 2002: php_network_getaddresses: getaddrinfo failed: Name or service not known

SQL: connect

23.10.18 17:21:22 - 2002: php_network_getaddresses: getaddrinfo failed: Name or service not known

SQL: connect

23.10.18 17:21:33 - 2002: php_network_getaddresses: getaddrinfo failed: Name or service not known

SQL: connect

23.10.18 17:21:44 - 2002: php_network_getaddresses: getaddrinfo failed: Name or service not known

SQL: connect

23.10.18 17:21:50 - 2002: php_network_getaddresses: getaddrinfo failed: Name or service not known

SQL: connect

23.10.18 17:21:53 - 2002: php_network_getaddresses: getaddrinfo failed: Name or service not known

SQL: connect

23.10.18 17:22:04 - 2002: php_network_getaddresses: getaddrinfo failed: Name or service not known

SQL: connect

23.10.18 17:22:24 - 2002: php_network_getaddresses: getaddrinfo failed: Name or service not known

SQL: connect

23.10.18 17:22:30 - 2002: php_network_getaddresses: getaddrinfo failed: Name or service not known

SQL: connect

23.10.18 17:22:34 - 2002: php_network_getaddresses: getaddrinfo failed: Name or service not known

SQL: connect

23.10.18 17:22:35 - 2002: php_network_getaddresses: getaddrinfo failed: Name or service not known

SQL: connect

23.10.18 17:22:55 - 2002: php_network_getaddresses: getaddrinfo failed: Name or service not known

SQL: connect

23.10.18 17:23:06 - 2002: php_network_getaddresses: getaddrinfo failed: Name or service not known

SQL: connect

23.10.18 17:23:26 - 2002: php_network_getaddresses: getaddrinfo failed: Name or service not known

SQL: connect

23.10.18 17:23:37 - 2002: php_network_getaddresses: getaddrinfo failed: Name or service not known

SQL: connect

23.10.18 17:23:57 - 2002: php_network_getaddresses: getaddrinfo failed: Name or service not known

SQL: connect

23.10.18 17:24:08 - 2002: php_network_getaddresses: getaddrinfo failed: Name or service not known

SQL: connect

23.10.18 17:24:28 - 2002: php_network_getaddresses: getaddrinfo failed: Name or service not known

SQL: connect

23.10.18 17:24:39 - 2002: php_network_getaddresses: getaddrinfo failed: Name or service not known

SQL: connect

23.10.18 17:24:59 - 2002: php_network_getaddresses: getaddrinfo failed: Name or service not known

SQL: connect

23.10.18 17:25:10 - 2002: php_network_getaddresses: getaddrinfo failed: Name or service not known

SQL: connect

23.10.18 17:25:30 - 2002: php_network_getaddresses: getaddrinfo failed: Name or service not known

SQL: connect

23.10.18 17:25:41 - 2002: php_network_getaddresses: getaddrinfo failed: Name or service not known

SQL: connect

23.10.18 17:26:01 - 2002: php_network_getaddresses: getaddrinfo failed: Name or service not known

SQL: connect

23.10.18 17:26:12 - 2002: php_network_getaddresses: getaddrinfo failed: Name or service not known

SQL: connect

23.10.18 17:26:38 - 2002: php_network_getaddresses: getaddrinfo failed: Name or service not known

SQL: connect

23.10.18 17:26:43 - 2002: php_network_getaddresses: getaddrinfo failed: Name or service not known

SQL: connect

23.10.18 17:27:03 - 2002: php_network_getaddresses: getaddrinfo failed: Name or service not known

SQL: connect

23.10.18 17:27:14 - 2002: php_network_getaddresses: getaddrinfo failed: Name or service not known

SQL: connect

23.10.18 17:27:34 - 2002: php_network_getaddresses: getaddrinfo failed: Name or service not known

SQL: connect

23.10.18 17:27:45 - 2002: php_network_getaddresses: getaddrinfo failed: Name or service not known

SQL: connect

23.10.18 17:28:05 - 2002: php_network_getaddresses: getaddrinfo failed: Name or service not known

SQL: connect

23.10.18 17:28:16 - 2002: php_network_getaddresses: getaddrinfo failed: Name or service not known

SQL: connect

23.10.18 17:28:36 - 2002: php_network_getaddresses: getaddrinfo failed: Name or service not known

SQL: connect

23.10.18 17:28:47 - 2002: php_network_getaddresses: getaddrinfo failed: Name or service not known

SQL: connect

23.10.18 17:29:07 - 2002: php_network_getaddresses: getaddrinfo failed: Name or service not known

SQL: connect

23.10.18 17:29:18 - 2002: php_network_getaddresses: getaddrinfo failed: Name or service not known

SQL: connect

23.10.18 17:29:38 - 2002: php_network_getaddresses: getaddrinfo failed: Name or service not known

SQL: connect

23.10.18 17:29:49 - 2002: php_network_getaddresses: getaddrinfo failed: Name or service not known

SQL: connect

23.10.18 17:30:09 - 2002: php_network_getaddresses: getaddrinfo failed: Name or service not known

SQL: connect

23.10.18 17:30:20 - 2002: php_network_getaddresses: getaddrinfo failed: Name or service not known

SQL: connect

23.10.18 17:30:40 - 2002: php_network_getaddresses: getaddrinfo failed: Name or service not known

SQL: connect

23.10.18 17:30:51 - 2002: php_network_getaddresses: getaddrinfo failed: Name or service not known

SQL: connect

23.10.18 17:31:11 - 2002: php_network_getaddresses: getaddrinfo failed: Name or service not known

SQL: connect

23.10.18 17:31:27 - 2002: php_network_getaddresses: getaddrinfo failed: Name or service not known

SQL: connect

23.10.18 17:31:42 - 2002: php_network_getaddresses: getaddrinfo failed: Name or service not known

SQL: connect

23.10.18 17:33:11 - 2002: php_network_getaddresses: getaddrinfo failed: Name or service not known

SQL: connect

23.10.18 17:33:23 - 2002: php_network_getaddresses: getaddrinfo failed: Name or service not known

SQL: connect

23.10.18 17:33:30 - 2002: php_network_getaddresses: getaddrinfo failed: Name or service not known

SQL: connect

23.10.18 17:33:47 - 2002: php_network_getaddresses: getaddrinfo failed: Name or service not known

SQL: connect

23.10.18 17:33:49 - 2002: php_network_getaddresses: getaddrinfo failed: Name or service not known

SQL: connect

23.10.18 17:33:50 - 2002: php_network_getaddresses: getaddrinfo failed: Name or service not known

SQL: connect

23.10.18 17:33:52 - 2002: php_network_getaddresses: getaddrinfo failed: Name or service not known

SQL: connect

23.10.18 17:33:57 - 2002: php_network_getaddresses: getaddrinfo failed: Name or service not known

SQL: connect

23.10.18 17:34:28 - 2002: php_network_getaddresses: getaddrinfo failed: Name or service not known

SQL: connect

23.10.18 17:34:59 - 2002: php_network_getaddresses: getaddrinfo failed: Name or service not known

SQL: connect

23.10.18 17:35:30 - 2002: php_network_getaddresses: getaddrinfo failed: Name or service not known

SQL: connect

23.10.18 17:36:07 - 2002: php_network_getaddresses: getaddrinfo failed: Name or service not known

SQL: connect

23.10.18 17:36:32 - 2002: php_network_getaddresses: getaddrinfo failed: Name or service not known

SQL: connect

23.10.18 17:37:03 - 2002: php_network_getaddresses: getaddrinfo failed: Name or service not known

SQL: connect

23.10.18 17:37:34 - 2002: php_network_getaddresses: getaddrinfo failed: Name or service not known

SQL: connect

23.10.18 17:37:52 - 2002: php_network_getaddresses: getaddrinfo failed: Name or service not known

SQL: connect

23.10.18 17:38:05 - 2002: php_network_getaddresses: getaddrinfo failed: Name or service not known

SQL: connect

23.10.18 17:38:35 - 2002: php_network_getaddresses: getaddrinfo failed: Name or service not known

SQL: connect

23.10.18 17:38:36 - 2002: php_network_getaddresses: getaddrinfo failed: Name or service not known

SQL: connect

23.10.18 17:38:49 - 2002: php_network_getaddresses: getaddrinfo failed: Name or service not known

SQL: connect

23.10.18 17:38:53 - 2002: php_network_getaddresses: getaddrinfo failed: Name or service not known

SQL: connect

23.10.18 17:39:07 - 2002: php_network_getaddresses: getaddrinfo failed: Name or service not known

SQL: connect

23.10.18 17:39:38 - 2002: php_network_getaddresses: getaddrinfo failed: Name or service not known

SQL: connect

23.10.18 17:40:09 - 2002: php_network_getaddresses: getaddrinfo failed: Name or service not known

SQL: connect

23.10.18 17:40:40 - 2002: php_network_getaddresses: getaddrinfo failed: Name or service not known

SQL: connect

23.10.18 17:41:11 - 2002: php_network_getaddresses: getaddrinfo failed: Name or service not known

SQL: connect

23.10.18 17:41:21 - 2002: php_network_getaddresses: getaddrinfo failed: Name or service not known

SQL: connect

23.10.18 17:41:42 - 2002: php_network_getaddresses: getaddrinfo failed: Name or service not known

SQL: connect

27.10.18 17:51:00 - 1203: User ifxbrdbeey_lz already has more than 'max_user_connections' active connections

SQL: connect

27.10.18 17:51:00 - 1203: User ifxbrdbeey_lz already has more than 'max_user_connections' active connections

SQL: connect

27.10.18 17:51:00 - 1203: User ifxbrdbeey_lz already has more than 'max_user_connections' active connections

SQL: connect

27.10.18 17:51:00 - 1203: User ifxbrdbeey_lz already has more than 'max_user_connections' active connections

SQL: connect

27.10.18 17:51:00 - 1203: User ifxbrdbeey_lz already has more than 'max_user_connections' active connections

SQL: connect

27.10.18 17:51:00 - 1203: User ifxbrdbeey_lz already has more than 'max_user_connections' active connections

SQL: connect

27.10.18 17:51:00 - 1203: User ifxbrdbeey_lz already has more than 'max_user_connections' active connections

SQL: connect

27.10.18 17:51:00 - 1203: User ifxbrdbeey_lz already has more than 'max_user_connections' active connections

SQL: connect

27.10.18 17:51:00 - 1203: User ifxbrdbeey_lz already has more than 'max_user_connections' active connections

SQL: connect

27.10.18 17:51:00 - 1203: User ifxbrdbeey_lz already has more than 'max_user_connections' active connections

SQL: connect

27.10.18 17:51:00 - 1203: User ifxbrdbeey_lz already has more than 'max_user_connections' active connections

SQL: connect

27.10.18 17:51:00 - 1203: User ifxbrdbeey_lz already has more than 'max_user_connections' active connections

SQL: connect

27.10.18 17:51:00 - 1203: User ifxbrdbeey_lz already has more than 'max_user_connections' active connections

SQL: connect

27.10.18 17:51:00 - 1203: User ifxbrdbeey_lz already has more than 'max_user_connections' active connections

SQL: connect

27.10.18 17:51:00 - 1203: User ifxbrdbeey_lz already has more than 'max_user_connections' active connections

SQL: connect

27.10.18 17:51:00 - 1203: User ifxbrdbeey_lz already has more than 'max_user_connections' active connections

SQL: connect

27.10.18 17:51:00 - 1203: User ifxbrdbeey_lz already has more than 'max_user_connections' active connections

SQL: connect

27.10.18 17:51:00 - 1203: User ifxbrdbeey_lz already has more than 'max_user_connections' active connections

SQL: connect

27.10.18 17:51:00 - 1203: User ifxbrdbeey_lz already has more than 'max_user_connections' active connections

SQL: connect

27.10.18 17:51:00 - 1203: User ifxbrdbeey_lz already has more than 'max_user_connections' active connections

SQL: connect

27.10.18 17:51:00 - 1203: User ifxbrdbeey_lz already has more than 'max_user_connections' active connections

SQL: connect

27.10.18 17:51:00 - 1203: User ifxbrdbeey_lz already has more than 'max_user_connections' active connections

SQL: connect

27.10.18 17:51:00 - 1203: User ifxbrdbeey_lz already has more than 'max_user_connections' active connections

SQL: connect

27.11.18 23:39:09 - 2002: Connection refused

SQL: connect

17.12.18 22:19:09 - 2002: Connection refused

SQL: connect

06.02.19 06:17:08 - 2002: Connection refused

SQL: connect

06.02.19 06:17:12 - 2002: Connection refused

SQL: connect

06.02.19 06:17:16 - 2002: Connection refused

SQL: connect

06.02.19 06:17:20 - 2002: Connection refused

SQL: connect

06.02.19 06:17:24 - 2002: Connection refused

SQL: connect

06.02.19 06:17:24 - 2002: Connection refused

SQL: connect

06.02.19 06:17:28 - 2002: Connection refused

SQL: connect

